<?xml version="1.0" encoding="UTF-8"?>
<coverage generated="1712643157783" clover="3.2.0">
  <project timestamp="1712643157783" name="All files">
    <metrics statements="32" coveredstatements="31" conditionals="39" coveredconditionals="35" methods="8" coveredmethods="8" elements="79" coveredelements="74" complexity="0" loc="32" ncloc="32" packages="1" files="1" classes="1"/>
    <file name="Game.ts" path="D:\tic_tac_toe\src\Game.ts">
      <metrics statements="32" coveredstatements="31" conditionals="39" coveredconditionals="35" methods="8" coveredmethods="8"/>
      <line num="2" count="1" type="stmt"/>
      <line num="3" count="1" type="stmt"/>
      <line num="6" count="10" type="stmt"/>
      <line num="7" count="10" type="stmt"/>
      <line num="11" count="41" type="cond" truecount="2" falsecount="0"/>
      <line num="13" count="10" type="cond" truecount="2" falsecount="0"/>
      <line num="14" count="1" type="stmt"/>
      <line num="18" count="31" type="cond" truecount="2" falsecount="0"/>
      <line num="19" count="1" type="stmt"/>
      <line num="22" count="30" type="cond" truecount="2" falsecount="0"/>
      <line num="23" count="2" type="stmt"/>
      <line num="26" count="37" type="stmt"/>
      <line num="27" count="37" type="stmt"/>
      <line num="31" count="6" type="cond" truecount="5" falsecount="0"/>
      <line num="35" count="2" type="cond" truecount="3" falsecount="1"/>
      <line num="38" count="2" type="stmt"/>
      <line num="42" count="4" type="cond" truecount="5" falsecount="0"/>
      <line num="46" count="2" type="cond" truecount="3" falsecount="1"/>
      <line num="50" count="2" type="stmt"/>
      <line num="54" count="2" type="cond" truecount="4" falsecount="1"/>
      <line num="58" count="2" type="cond" truecount="3" falsecount="1"/>
      <line num="62" count="2" type="stmt"/>
      <line num="65" count="0" type="stmt"/>
      <line num="68" count="1" type="stmt"/>
      <line num="71" count="10" type="stmt"/>
      <line num="72" count="10" type="stmt"/>
      <line num="73" count="30" type="stmt"/>
      <line num="74" count="90" type="stmt"/>
      <line num="75" count="90" type="stmt"/>
      <line num="80" count="400" type="cond" truecount="2" falsecount="0"/>
      <line num="83" count="37" type="stmt"/>
      <line num="84" count="156" type="cond" truecount="2" falsecount="0"/>
    </file>
  </project>
</coverage>
