{"D:\\tic_tac_toe\\src\\Game.ts": {"path":"D:\\tic_tac_toe\\src\\Game.ts","statementMap":{"0":{"start":{"line":2,"column":0},"end":{"line":2,"column":62}},"1":{"start":{"line":3,"column":0},"end":{"line":3,"column":22}},"2":{"start":{"line":6,"column":8},"end":{"line":6,"column":31}},"3":{"start":{"line":7,"column":8},"end":{"line":7,"column":34}},"4":{"start":{"line":11,"column":8},"end":{"line":24,"column":9}},"5":{"start":{"line":13,"column":12},"end":{"line":15,"column":13}},"6":{"start":{"line":14,"column":16},"end":{"line":14,"column":56}},"7":{"start":{"line":18,"column":13},"end":{"line":24,"column":9}},"8":{"start":{"line":19,"column":12},"end":{"line":19,"column":51}},"9":{"start":{"line":22,"column":13},"end":{"line":24,"column":9}},"10":{"start":{"line":23,"column":12},"end":{"line":23,"column":48}},"11":{"start":{"line":26,"column":8},"end":{"line":26,"column":34}},"12":{"start":{"line":27,"column":8},"end":{"line":27,"column":44}},"13":{"start":{"line":31,"column":8},"end":{"line":40,"column":9}},"14":{"start":{"line":35,"column":12},"end":{"line":39,"column":13}},"15":{"start":{"line":38,"column":16},"end":{"line":38,"column":55}},"16":{"start":{"line":42,"column":8},"end":{"line":52,"column":9}},"17":{"start":{"line":46,"column":12},"end":{"line":51,"column":13}},"18":{"start":{"line":50,"column":16},"end":{"line":50,"column":55}},"19":{"start":{"line":54,"column":8},"end":{"line":64,"column":9}},"20":{"start":{"line":58,"column":12},"end":{"line":63,"column":13}},"21":{"start":{"line":62,"column":16},"end":{"line":62,"column":55}},"22":{"start":{"line":65,"column":8},"end":{"line":65,"column":19}},"23":{"start":{"line":68,"column":0},"end":{"line":68,"column":20}},"24":{"start":{"line":71,"column":8},"end":{"line":71,"column":25}},"25":{"start":{"line":72,"column":8},"end":{"line":77,"column":9}},"26":{"start":{"line":72,"column":21},"end":{"line":72,"column":22}},"27":{"start":{"line":73,"column":12},"end":{"line":76,"column":13}},"28":{"start":{"line":73,"column":25},"end":{"line":73,"column":26}},"29":{"start":{"line":74,"column":29},"end":{"line":74,"column":56}},"30":{"start":{"line":75,"column":16},"end":{"line":75,"column":39}},"31":{"start":{"line":80,"column":8},"end":{"line":80,"column":61}},"32":{"start":{"line":80,"column":39},"end":{"line":80,"column":59}},"33":{"start":{"line":83,"column":21},"end":{"line":83,"column":51}},"34":{"start":{"line":84,"column":8},"end":{"line":84,"column":70}},"35":{"start":{"line":84,"column":32},"end":{"line":84,"column":52}}},"fnMap":{"0":{"name":"(anonymous_0)","decl":{"start":{"line":5,"column":4},"end":{"line":5,"column":5}},"loc":{"start":{"line":5,"column":18},"end":{"line":8,"column":5}},"line":5},"1":{"name":"(anonymous_1)","decl":{"start":{"line":9,"column":4},"end":{"line":9,"column":5}},"loc":{"start":{"line":9,"column":23},"end":{"line":28,"column":5}},"line":9},"2":{"name":"(anonymous_2)","decl":{"start":{"line":29,"column":4},"end":{"line":29,"column":5}},"loc":{"start":{"line":29,"column":13},"end":{"line":66,"column":5}},"line":29},"3":{"name":"(anonymous_3)","decl":{"start":{"line":70,"column":4},"end":{"line":70,"column":5}},"loc":{"start":{"line":70,"column":18},"end":{"line":78,"column":5}},"line":70},"4":{"name":"(anonymous_4)","decl":{"start":{"line":79,"column":4},"end":{"line":79,"column":5}},"loc":{"start":{"line":79,"column":17},"end":{"line":81,"column":5}},"line":79},"5":{"name":"(anonymous_5)","decl":{"start":{"line":80,"column":32},"end":{"line":80,"column":33}},"loc":{"start":{"line":80,"column":39},"end":{"line":80,"column":59}},"line":80},"6":{"name":"(anonymous_6)","decl":{"start":{"line":82,"column":4},"end":{"line":82,"column":5}},"loc":{"start":{"line":82,"column":28},"end":{"line":85,"column":5}},"line":82},"7":{"name":"(anonymous_7)","decl":{"start":{"line":84,"column":25},"end":{"line":84,"column":26}},"loc":{"start":{"line":84,"column":32},"end":{"line":84,"column":52}},"line":84}},"branchMap":{"0":{"loc":{"start":{"line":11,"column":8},"end":{"line":24,"column":9}},"type":"if","locations":[{"start":{"line":11,"column":8},"end":{"line":24,"column":9}},{"start":{"line":18,"column":13},"end":{"line":24,"column":9}}],"line":11},"1":{"loc":{"start":{"line":13,"column":12},"end":{"line":15,"column":13}},"type":"if","locations":[{"start":{"line":13,"column":12},"end":{"line":15,"column":13}},{"start":{},"end":{}}],"line":13},"2":{"loc":{"start":{"line":18,"column":13},"end":{"line":24,"column":9}},"type":"if","locations":[{"start":{"line":18,"column":13},"end":{"line":24,"column":9}},{"start":{"line":22,"column":13},"end":{"line":24,"column":9}}],"line":18},"3":{"loc":{"start":{"line":22,"column":13},"end":{"line":24,"column":9}},"type":"if","locations":[{"start":{"line":22,"column":13},"end":{"line":24,"column":9}},{"start":{},"end":{}}],"line":22},"4":{"loc":{"start":{"line":31,"column":8},"end":{"line":40,"column":9}},"type":"if","locations":[{"start":{"line":31,"column":8},"end":{"line":40,"column":9}},{"start":{},"end":{}}],"line":31},"5":{"loc":{"start":{"line":31,"column":12},"end":{"line":33,"column":50}},"type":"binary-expr","locations":[{"start":{"line":31,"column":12},"end":{"line":31,"column":50}},{"start":{"line":32,"column":12},"end":{"line":32,"column":50}},{"start":{"line":33,"column":12},"end":{"line":33,"column":50}}],"line":31},"6":{"loc":{"start":{"line":35,"column":12},"end":{"line":39,"column":13}},"type":"if","locations":[{"start":{"line":35,"column":12},"end":{"line":39,"column":13}},{"start":{},"end":{}}],"line":35},"7":{"loc":{"start":{"line":35,"column":16},"end":{"line":37,"column":82}},"type":"binary-expr","locations":[{"start":{"line":35,"column":16},"end":{"line":36,"column":47}},{"start":{"line":37,"column":16},"end":{"line":37,"column":82}}],"line":35},"8":{"loc":{"start":{"line":42,"column":8},"end":{"line":52,"column":9}},"type":"if","locations":[{"start":{"line":42,"column":8},"end":{"line":52,"column":9}},{"start":{},"end":{}}],"line":42},"9":{"loc":{"start":{"line":42,"column":12},"end":{"line":44,"column":50}},"type":"binary-expr","locations":[{"start":{"line":42,"column":12},"end":{"line":42,"column":50}},{"start":{"line":43,"column":12},"end":{"line":43,"column":50}},{"start":{"line":44,"column":12},"end":{"line":44,"column":50}}],"line":42},"10":{"loc":{"start":{"line":46,"column":12},"end":{"line":51,"column":13}},"type":"if","locations":[{"start":{"line":46,"column":12},"end":{"line":51,"column":13}},{"start":{},"end":{}}],"line":46},"11":{"loc":{"start":{"line":46,"column":16},"end":{"line":49,"column":51}},"type":"binary-expr","locations":[{"start":{"line":46,"column":16},"end":{"line":47,"column":47}},{"start":{"line":48,"column":16},"end":{"line":49,"column":51}}],"line":46},"12":{"loc":{"start":{"line":54,"column":8},"end":{"line":64,"column":9}},"type":"if","locations":[{"start":{"line":54,"column":8},"end":{"line":64,"column":9}},{"start":{},"end":{}}],"line":54},"13":{"loc":{"start":{"line":54,"column":12},"end":{"line":56,"column":50}},"type":"binary-expr","locations":[{"start":{"line":54,"column":12},"end":{"line":54,"column":50}},{"start":{"line":55,"column":12},"end":{"line":55,"column":50}},{"start":{"line":56,"column":12},"end":{"line":56,"column":50}}],"line":54},"14":{"loc":{"start":{"line":58,"column":12},"end":{"line":63,"column":13}},"type":"if","locations":[{"start":{"line":58,"column":12},"end":{"line":63,"column":13}},{"start":{},"end":{}}],"line":58},"15":{"loc":{"start":{"line":58,"column":16},"end":{"line":61,"column":51}},"type":"binary-expr","locations":[{"start":{"line":58,"column":16},"end":{"line":59,"column":47}},{"start":{"line":60,"column":16},"end":{"line":61,"column":51}}],"line":58},"16":{"loc":{"start":{"line":80,"column":39},"end":{"line":80,"column":59}},"type":"binary-expr","locations":[{"start":{"line":80,"column":39},"end":{"line":80,"column":47}},{"start":{"line":80,"column":51},"end":{"line":80,"column":59}}],"line":80},"17":{"loc":{"start":{"line":84,"column":32},"end":{"line":84,"column":52}},"type":"binary-expr","locations":[{"start":{"line":84,"column":32},"end":{"line":84,"column":40}},{"start":{"line":84,"column":44},"end":{"line":84,"column":52}}],"line":84}},"s":{"0":1,"1":1,"2":10,"3":10,"4":41,"5":10,"6":1,"7":31,"8":1,"9":30,"10":2,"11":37,"12":37,"13":6,"14":2,"15":2,"16":4,"17":2,"18":2,"19":2,"20":2,"21":2,"22":0,"23":1,"24":10,"25":10,"26":10,"27":30,"28":30,"29":90,"30":90,"31":91,"32":400,"33":37,"34":37,"35":156},"f":{"0":10,"1":41,"2":6,"3":10,"4":91,"5":400,"6":37,"7":156},"b":{"0":[10,31],"1":[1,9],"2":[1,30],"3":[2,28],"4":[2,4],"5":[6,6,5],"6":[2,0],"7":[2,2],"8":[2,2],"9":[4,2,2],"10":[2,0],"11":[2,2],"12":[2,0],"13":[2,2,2],"14":[2,0],"15":[2,2],"16":[400,172],"17":[156,66]},"_coverageSchema":"1a1c01bbd47fc00a2c39e90264f33305004495a9","hash":"cf109b3d398e90891eedf1db1b8adff651e0aebc"}
}
