TN:
SF:src\Game.ts
FN:5,(anonymous_0)
FN:9,(anonymous_1)
FN:29,(anonymous_2)
FN:70,(anonymous_3)
FN:79,(anonymous_4)
FN:80,(anonymous_5)
FN:82,(anonymous_6)
FN:84,(anonymous_7)
FNF:8
FNH:8
FNDA:10,(anonymous_0)
FNDA:41,(anonymous_1)
FNDA:6,(anonymous_2)
FNDA:10,(anonymous_3)
FNDA:91,(anonymous_4)
FNDA:400,(anonymous_5)
FNDA:37,(anonymous_6)
FNDA:156,(anonymous_7)
DA:2,1
DA:3,1
DA:6,10
DA:7,10
DA:11,41
DA:13,10
DA:14,1
DA:18,31
DA:19,1
DA:22,30
DA:23,2
DA:26,37
DA:27,37
DA:31,6
DA:35,2
DA:38,2
DA:42,4
DA:46,2
DA:50,2
DA:54,2
DA:58,2
DA:62,2
DA:65,0
DA:68,1
DA:71,10
DA:72,10
DA:73,30
DA:74,90
DA:75,90
DA:80,400
DA:83,37
DA:84,156
LF:32
LH:31
BRDA:11,0,0,10
BRDA:11,0,1,31
BRDA:13,1,0,1
BRDA:13,1,1,9
BRDA:18,2,0,1
BRDA:18,2,1,30
BRDA:22,3,0,2
BRDA:22,3,1,28
BRDA:31,4,0,2
BRDA:31,4,1,4
BRDA:31,5,0,6
BRDA:31,5,1,6
BRDA:31,5,2,5
BRDA:35,6,0,2
BRDA:35,6,1,0
BRDA:35,7,0,2
BRDA:35,7,1,2
BRDA:42,8,0,2
BRDA:42,8,1,2
BRDA:42,9,0,4
BRDA:42,9,1,2
BRDA:42,9,2,2
BRDA:46,10,0,2
BRDA:46,10,1,0
BRDA:46,11,0,2
BRDA:46,11,1,2
BRDA:54,12,0,2
BRDA:54,12,1,0
BRDA:54,13,0,2
BRDA:54,13,1,2
BRDA:54,13,2,2
BRDA:58,14,0,2
BRDA:58,14,1,0
BRDA:58,15,0,2
BRDA:58,15,1,2
BRDA:80,16,0,400
BRDA:80,16,1,172
BRDA:84,17,0,156
BRDA:84,17,1,66
BRF:39
BRH:35
end_of_record
